selected:Python Undetected Chromedriver
/home/juxtaa/Coding/Projects
Running script: Python Undetected Chromedriver
 with arguments: /home/juxtaa/Coding/Projects
python Python Undetected Chromedriver '/home/juxtaa/Coding/Projects'[stderr]
python: can't open file '/home/juxtaa/Coding/Projects/./scripts/python-undetected-chromedriver.py': [Errno 2] No such file or directory

Restarting app...
selected:Python Undetected Chromedriver
/home/juxtaa/Coding/Projects
Running script: Python Undetected Chromedriver
 with arguments: /home/juxtaa/Coding/Projects
/home/juxtaa/Coding/lazydev/venv/bin/python /home/juxtaa/Coding/lazydev/scripts/Python Undetected Chromedriver '/home/juxtaa/Coding/Projects'[stderr]
python: can't open file '/home/juxtaa/Coding/Projects/./scripts/python-undetected-chromedriver.py': [Errno 2] No such file or directory

Restarting app...
selected:Python Undetected Chromedriver
/home/juxtaa/Coding/Projects
Running script: Python Undetected Chromedriver
 with arguments: /home/juxtaa/Coding/Projects
/home/juxtaa/Coding/lazydev/venv/bin/python /home/juxtaa/Coding/lazydev/scripts/Python Undetected Chromedriver '/home/juxtaa/Coding/Projects'[stdout]
Project path is: /home/juxtaa/Coding/Projects
Project name is: testing-lazy-dev

selected:Python Flask
selected:Vite App
/mnt/ssd/Coding/lazydev
Running script: Vite App
 with arguments: /mnt/ssd/Coding/lazydev
/home/juxtaa/Coding/lazydev/venv/bin/python /home/juxtaa/Coding/lazydev/scripts/Vite App '/mnt/ssd/Coding/lazydev'selected:Vite App
selected:Vite App
selected:Textual Tui
/mnt/ssd/Coding/lazydev
Running script: Textual Tui
 with arguments: /mnt/ssd/Coding/lazydev
/mnt/ssd/Coding/lazydev/venv/bin/python /mnt/ssd/Coding/lazydev/scripts/Textual Tui '/mnt/ssd/Coding/lazydev'[stderr]
Traceback (most recent call last):
  File "/mnt/ssd/Coding/lazydev/scripts/textual-tui.py", line 4, in <module>
    import requests
ModuleNotFoundError: No module named 'requests'

selected:Textual Tui
/mnt/ssd/Coding/lazydev
Running script: Textual Tui
 with arguments: /mnt/ssd/Coding/lazydev
/mnt/ssd/Coding/lazydev/venv/bin/python /mnt/ssd/Coding/lazydev/scripts/Textual Tui '/mnt/ssd/Coding/lazydev'[stdout]
Project path is: /mnt/ssd/Coding/lazydev
Project name is: tui-app

